[35m[Appium][39m Welcome to Appium v1.22.3
[35m[Appium][39m Non-default server args:
[35m[Appium][39m   port: 60422
[35m[Appium][39m   loglevel: info
[35m[Appium][39m   tmpDir: C:\Users\Senopati\AppData\Local\Temp\\Katalon\Appium\Temp1694600802837
[35m[Appium][39m   chromedriverPort: 60423
[35m[Appium][39m Deprecated server args:
[35m[Appium][39m   [31m--chromedriver-port[39m => --default-capabilities
[35m[Appium][39m Default capabilities, which will be added to each request unless overridden by desired capabilities:
[35m[Appium][39m   chromedriverPort: 60423
[35m[Appium][39m Appium REST http interface listener started on 0.0.0.0:60422
[35m[HTTP][39m [37m-->[39m [37mGET[39m [37m/wd/hub/status[39m
[35m[HTTP][39m [90m{}[39m
[35m[HTTP][39m [37m<-- GET /wd/hub/status [39m[32m200[39m [90m10 ms - 68[39m
[35m[HTTP][39m [90m[39m
[35m[HTTP][39m [37m-->[39m [37mGET[39m [37m/wd/hub/status[39m
[35m[HTTP][39m [90m{}[39m
[35m[HTTP][39m [37m<-- GET /wd/hub/status [39m[32m200[39m [90m2 ms - 68[39m
[35m[HTTP][39m [90m[39m
[35m[HTTP][39m [37m-->[39m [37mPOST[39m [37m/wd/hub/session[39m
[35m[HTTP][39m [90m{"desiredCapabilities":{"appActivity":".Settings","appPackage":"com.android.settings","newCommandTimeout":1800,"platformVersion":"11","automationName":"uiautomator2","autoGrantPermissions":true,"platformName":"Android","udid":"bc31a4ad","deviceName":"Xiaomi M2101K7AG (Android 11)","platform":"ANDROID","systemPort":8251},"capabilities":{"firstMatch":[{"appium:appActivity":".Settings","appium:appPackage":"com.android.settings","appium:autoGrantPermissions":true,"appium:automationName":"uiautomator2","appium:deviceName":"Xiaomi M2101K7AG (Android 11)","appium:newCommandTimeout":1800,"platform":"ANDROID","platformName":"android","appium:platformVersion":"11","appium:systemPort":8251,"appium:udid":"bc31a4ad"}]}}[39m
[35m[BaseDriver][39m The following capabilities are not standard capabilities and should have an extension prefix:
[35m[BaseDriver][39m   platform
[35m[BaseDriver][39m   chromedriverPort
[35m[Appium][39m Appium v1.22.3 creating new AndroidUiautomator2Driver (v1.70.1) session
[35m[BaseDriver][39m The following capabilities were provided, but are not recognized by Appium:
[35m[BaseDriver][39m   platform
[35m[BaseDriver][39m Session created with session id: 54be6e3c-2998-4b0d-8cb8-a880838e27a4
[35m[UiAutomator2][39m Starting 'com.android.settings' directly on the device
[35m[ADB][39m Found 1 'build-tools' folders under 'C:\Users\Senopati\.katalon\tools\android_sdk' (newest first):
[35m[ADB][39m     C:/Users/Senopati/.katalon/tools/android_sdk/build-tools/29.0.3
[35m[ADB][39m Using 'adb.exe' from 'C:\Users\Senopati\.katalon\tools\android_sdk\platform-tools\adb.exe'
[35m[AndroidDriver][39m Retrieving device list
[35m[AndroidDriver][39m Using device: bc31a4ad
[35m[ADB][39m Using 'adb.exe' from 'C:\Users\Senopati\.katalon\tools\android_sdk\platform-tools\adb.exe'
[35m[ADB][39m Getting device platform version
[35m[UiAutomator2][39m Relaxing hidden api policy
[35m[AndroidDriver][39m No app sent in, not parsing package/activity
[35m[ADB][39m Using 'apksigner.jar' from 'C:\Users\Senopati\.katalon\tools\android_sdk\build-tools\29.0.3\lib\apksigner.jar'
[35m[ADB][39m 'C:\Users\Senopati\AppData\Roaming\npm\node_modules\appium\node_modules\appium-uiautomator2-server\apks\appium-uiautomator2-server-v4.27.0.apk' is signed with the default certificate
[35m[ADB][39m 'C:\Users\Senopati\AppData\Roaming\npm\node_modules\appium\node_modules\appium-uiautomator2-server\apks\appium-uiautomator2-server-debug-androidTest.apk' is signed with the default certificate
[35m[UiAutomator2][39m Server packages are not going to be (re)installed
[35m[ADB][39m Adding packages ["io.appium.settings","io.appium.uiautomator2.server","io.appium.uiautomator2.server.test"] to Doze whitelist
[35m[UiAutomator2][39m Starting UIAutomator2 server 4.27.0
[35m[UiAutomator2][39m Using UIAutomator2 server from 'C:\Users\Senopati\AppData\Roaming\npm\node_modules\appium\node_modules\appium-uiautomator2-server\apks\appium-uiautomator2-server-v4.27.0.apk' and test from 'C:\Users\Senopati\AppData\Roaming\npm\node_modules\appium\node_modules\appium-uiautomator2-server\apks\appium-uiautomator2-server-debug-androidTest.apk'
[35m[UiAutomator2][39m Waiting up to 30000ms for UiAutomator2 to be online...
[35m[WD Proxy][39m socket hang up
[35m[WD Proxy][39m socket hang up
[35m[WD Proxy][39m socket hang up
[35m[WD Proxy][39m Determined the downstream protocol as 'W3C'
[35m[AndroidDriver][39m Screen already unlocked, doing nothing
[35m[UiAutomator2][39m Starting 'com.android.settings/.Settings and waiting for 'com.android.settings/.Settings'
[35m[Appium][39m New AndroidUiautomator2Driver session created successfully, session 54be6e3c-2998-4b0d-8cb8-a880838e27a4 added to master session list
[35m[HTTP][39m [37m<-- POST /wd/hub/session [39m[32m200[39m [90m12490 ms - 1145[39m
[35m[HTTP][39m [90m[39m
[35m[HTTP][39m [37m-->[39m [37mGET[39m [37m/wd/hub/session/54be6e3c-2998-4b0d-8cb8-a880838e27a4[39m
[35m[HTTP][39m [90m{}[39m
[35m[HTTP][39m [37m<-- GET /wd/hub/session/54be6e3c-2998-4b0d-8cb8-a880838e27a4 [39m[32m200[39m [90m13 ms - 1099[39m
[35m[HTTP][39m [90m[39m
[35m[HTTP][39m [37m-->[39m [37mGET[39m [37m/wd/hub/session/54be6e3c-2998-4b0d-8cb8-a880838e27a4[39m
[35m[HTTP][39m [90m{}[39m
[35m[HTTP][39m [37m<-- GET /wd/hub/session/54be6e3c-2998-4b0d-8cb8-a880838e27a4 [39m[32m200[39m [90m15 ms - 1099[39m
[35m[HTTP][39m [90m[39m
[35m[HTTP][39m [37m-->[39m [37mGET[39m [37m/wd/hub/status[39m
[35m[HTTP][39m [90m{}[39m
[35m[HTTP][39m [37m<-- GET /wd/hub/status [39m[32m200[39m [90m2 ms - 68[39m
[35m[HTTP][39m [90m[39m
[35m[HTTP][39m [37m-->[39m [37mPOST[39m [37m/wd/hub/session/54be6e3c-2998-4b0d-8cb8-a880838e27a4/timeouts[39m
[35m[HTTP][39m [90m{"implicit":60000}[39m
[35m[HTTP][39m [37m<-- POST /wd/hub/session/54be6e3c-2998-4b0d-8cb8-a880838e27a4/timeouts [39m[32m200[39m [90m4 ms - 14[39m
[35m[HTTP][39m [90m[39m
[35m[HTTP][39m [37m-->[39m [37mGET[39m [37m/wd/hub/session/54be6e3c-2998-4b0d-8cb8-a880838e27a4/screenshot[39m
[35m[HTTP][39m [90m{}[39m
[35m[HTTP][39m [37m<-- GET /wd/hub/session/54be6e3c-2998-4b0d-8cb8-a880838e27a4/screenshot [39m[32m200[39m [90m403 ms - 188764[39m
[35m[HTTP][39m [90m[39m
[35m[HTTP][39m [37m-->[39m [37mGET[39m [37m/wd/hub/session/54be6e3c-2998-4b0d-8cb8-a880838e27a4/window/rect[39m
[35m[HTTP][39m [90m{}[39m
[35m[HTTP][39m [37m<-- GET /wd/hub/session/54be6e3c-2998-4b0d-8cb8-a880838e27a4/window/rect [39m[32m200[39m [90m40 ms - 50[39m
[35m[HTTP][39m [90m[39m
[35m[HTTP][39m [37m-->[39m [37mGET[39m [37m/wd/hub/session/54be6e3c-2998-4b0d-8cb8-a880838e27a4/appium/device/system_bars[39m
[35m[HTTP][39m [90m{}[39m
[35m[HTTP][39m [37m<-- GET /wd/hub/session/54be6e3c-2998-4b0d-8cb8-a880838e27a4/appium/device/system_bars [39m[31m500[39m [90m158 ms - 653[39m
[35m[HTTP][39m [90m[39m
[35m[HTTP][39m [37m-->[39m [37mPOST[39m [37m/wd/hub/session/54be6e3c-2998-4b0d-8cb8-a880838e27a4/execute/sync[39m
[35m[HTTP][39m [90m{"script":"mobile:viewportRect","args":[]}[39m
[35m[AndroidDriver][39m Executing native command 'mobile:viewportRect'
[35m[HTTP][39m [37m<-- POST /wd/hub/session/54be6e3c-2998-4b0d-8cb8-a880838e27a4/execute/sync [39m[32m200[39m [90m30 ms - 56[39m
[35m[HTTP][39m [90m[39m
[35m[HTTP][39m [37m-->[39m [37mPOST[39m [37m/wd/hub/session/54be6e3c-2998-4b0d-8cb8-a880838e27a4/appium/device/activate_app[39m
[35m[HTTP][39m [90m{"bundleId":"com.temandiabetes.android"}[39m
[35m[HTTP][39m [37m<-- POST /wd/hub/session/54be6e3c-2998-4b0d-8cb8-a880838e27a4/appium/device/activate_app [39m[32m200[39m [90m564 ms - 14[39m
[35m[HTTP][39m [90m[39m
[35m[HTTP][39m [37m-->[39m [37mGET[39m [37m/wd/hub/session/54be6e3c-2998-4b0d-8cb8-a880838e27a4/source[39m
[35m[HTTP][39m [90m{}[39m
[35m[W3C (54be6e3c)][39m Driver proxy active, passing request on via HTTP proxy
[35m[WD Proxy][39m Replacing sessionId df31cf5a-e484-483d-bc92-08996f870b70 with 54be6e3c-2998-4b0d-8cb8-a880838e27a4
[35m[HTTP][39m [37m<-- GET /wd/hub/session/54be6e3c-2998-4b0d-8cb8-a880838e27a4/source [39m[32m200[39m [90m304 ms - 600[39m
[35m[HTTP][39m [90m[39m
[35m[HTTP][39m [37m-->[39m [37mGET[39m [37m/wd/hub/session/54be6e3c-2998-4b0d-8cb8-a880838e27a4/screenshot[39m
[35m[HTTP][39m [90m{}[39m
[35m[HTTP][39m [37m<-- GET /wd/hub/session/54be6e3c-2998-4b0d-8cb8-a880838e27a4/screenshot [39m[32m200[39m [90m553 ms - 45330[39m
[35m[HTTP][39m [90m[39m
[35m[HTTP][39m [37m-->[39m [37mGET[39m [37m/wd/hub/session/54be6e3c-2998-4b0d-8cb8-a880838e27a4/source[39m
[35m[HTTP][39m [90m{}[39m
[35m[W3C (54be6e3c)][39m Driver proxy active, passing request on via HTTP proxy
[35m[WD Proxy][39m Replacing sessionId df31cf5a-e484-483d-bc92-08996f870b70 with 54be6e3c-2998-4b0d-8cb8-a880838e27a4
[35m[HTTP][39m [37m<-- GET /wd/hub/session/54be6e3c-2998-4b0d-8cb8-a880838e27a4/source [39m[32m200[39m [90m163 ms - 16043[39m
[35m[HTTP][39m [90m[39m
[35m[HTTP][39m [37m-->[39m [37mGET[39m [37m/wd/hub/session/54be6e3c-2998-4b0d-8cb8-a880838e27a4/screenshot[39m
[35m[HTTP][39m [90m{}[39m
[35m[HTTP][39m [37m<-- GET /wd/hub/session/54be6e3c-2998-4b0d-8cb8-a880838e27a4/screenshot [39m[32m200[39m [90m646 ms - 167874[39m
[35m[HTTP][39m [90m[39m
[35m[HTTP][39m [37m-->[39m [37mPOST[39m [37m/wd/hub/session/54be6e3c-2998-4b0d-8cb8-a880838e27a4/elements[39m
[35m[HTTP][39m [90m{"using":"xpath","value":"//*[@class = 'android.widget.EditText' and (@text = 'Silahkan isi disini' or . = 'Silahkan isi disini')]"}[39m
[35m[HTTP][39m [37m<-- POST /wd/hub/session/54be6e3c-2998-4b0d-8cb8-a880838e27a4/elements [39m[32m200[39m [90m420 ms - 139[39m
[35m[HTTP][39m [90m[39m
[35m[BaseDriver][39m Shutting down because we waited 1800 seconds for a command
[35m[Appium][39m Closing session, cause was 'New Command Timeout of 1800 seconds expired. Try customizing the timeout using the 'newCommandTimeout' desired capability'
[35m[Appium][39m Removing session '54be6e3c-2998-4b0d-8cb8-a880838e27a4' from our master session list
[35m[UiAutomator2][39m Did not get confirmation UiAutomator2 deleteSession worked; Error was: UnknownError: An unknown server-side error occurred while processing the command. Original error: 'DELETE /' cannot be proxied to UiAutomator2 server because the instrumentation process is not running (probably crashed). Check the server log and/or the logcat output for more details
[35m[UiAutomator2][39m Restoring hidden api policy to the device default configuration
